{"numTotalTestSuites":10,"numPassedTestSuites":10,"numFailedTestSuites":0,"numPendingTestSuites":0,"numTotalTests":27,"numPassedTests":27,"numFailedTests":0,"numPendingTests":0,"numTodoTests":0,"snapshot":{"added":0,"failure":false,"filesAdded":0,"filesRemoved":0,"filesRemovedList":[],"filesUnmatched":0,"filesUpdated":0,"matched":0,"total":0,"unchecked":0,"uncheckedKeysByFile":[],"unmatched":0,"updated":0,"didUpdate":false},"startTime":1782153564689,"success":true,"testResults":[{"assertionResults":[{"ancestorTitles":["DOCX report typography"],"fullName":"DOCX report typography uses a readable professional scale and spacing","status":"passed","title":"uses a readable professional scale and spacing","duration":4.792400000000043,"failureMessages":[],"meta":{},"tags":[]}],"startTime":1782153565405,"endTime":1782153565409.7925,"status":"passed","message":"","name":"F:/FPT Software/SETA/agent-platform-main/packages/ld-reporting/tests/artifact-writer.test.ts"},{"assertionResults":[{"ancestorTitles":["ld-reporting evidence gate"],"fullName":"ld-reporting evidence gate passes completed Q1 data from the default workbook","status":"passed","title":"passes completed Q1 data from the default workbook","duration":248.87650000000008,"failureMessages":[],"meta":{},"tags":[]},{"ancestorTitles":["ld-reporting evidence gate"],"fullName":"ld-reporting evidence gate blocks when a required source sheet is missing","status":"passed","title":"blocks when a required source sheet is missing","duration":80.05460000000016,"failureMessages":[],"meta":{},"tags":[]},{"ancestorTitles":["ld-reporting evidence gate"],"fullName":"ld-reporting evidence gate blocks when a required column is missing","status":"passed","title":"blocks when a required column is missing","duration":67.0585000000001,"failureMessages":[],"meta":{},"tags":[]},{"ancestorTitles":["ld-reporting evidence gate"],"fullName":"ld-reporting evidence gate blocks final conclusion for an in-progress course","status":"passed","title":"blocks final conclusion for an in-progress course","duration":73.23429999999985,"failureMessages":[],"meta":{},"tags":[]},{"ancestorTitles":["ld-reporting evidence gate"],"fullName":"ld-reporting evidence gate blocks conflicting scope filters that match no courses","status":"passed","title":"blocks conflicting scope filters that match no courses","duration":61.5338999999999,"failureMessages":[],"meta":{},"tags":[]},{"ancestorTitles":["ld-reporting evidence gate"],"fullName":"ld-reporting evidence gate blocks completed courses with missing attendance rows","status":"passed","title":"blocks completed courses with missing attendance rows","duration":56.59960000000001,"failureMessages":[],"meta":{},"tags":[]},{"ancestorTitles":["ld-reporting evidence gate"],"fullName":"ld-reporting evidence gate blocks completed courses with missing assessment rows","status":"passed","title":"blocks completed courses with missing assessment rows","duration":45.146400000000085,"failureMessages":[],"meta":{},"tags":[]},{"ancestorTitles":["ld-reporting evidence gate"],"fullName":"ld-reporting evidence gate warns but still allows final conclusion when feedback response is below threshold","status":"passed","title":"warns but still allows final conclusion when feedback response is below threshold","duration":53.04259999999999,"failureMessages":[],"meta":{},"tags":[]},{"ancestorTitles":["ld-reporting evidence gate"],"fullName":"ld-reporting evidence gate blocks pass status values that conflict with score threshold","status":"passed","title":"blocks pass status values that conflict with score threshold","duration":53.06139999999982,"failureMessages":[],"meta":{},"tags":[]},{"ancestorTitles":["ld-reporting evidence gate"],"fullName":"ld-reporting evidence gate blocks cross-source rows that reference an unknown course id","status":"passed","title":"blocks cross-source rows that reference an unknown course id","duration":51.73680000000013,"failureMessages":[],"meta":{},"tags":[]},{"ancestorTitles":["ld-reporting evidence gate"],"fullName":"ld-reporting evidence gate blocks duplicate attendance rows","status":"passed","title":"blocks duplicate attendance rows","duration":44.89850000000024,"failureMessages":[],"meta":{},"tags":[]},{"ancestorTitles":["ld-reporting evidence gate"],"fullName":"ld-reporting evidence gate blocks duplicate assessment rows","status":"passed","title":"blocks duplicate assessment rows","duration":36.723799999999756,"failureMessages":[],"meta":{},"tags":[]},{"ancestorTitles":["ld-reporting evidence gate"],"fullName":"ld-reporting evidence gate blocks null assessment values in completed courses","status":"passed","title":"blocks null assessment values in completed courses","duration":36.45609999999988,"failureMessages":[],"meta":{},"tags":[]},{"ancestorTitles":["ld-reporting evidence gate"],"fullName":"ld-reporting evidence gate blocks score values outside the 0-10 range","status":"passed","title":"blocks score values outside the 0-10 range","duration":44.43380000000025,"failureMessages":[],"meta":{},"tags":[]},{"ancestorTitles":["ld-reporting evidence gate"],"fullName":"ld-reporting evidence gate warns for feedback ratings outside the 1-5 range","status":"passed","title":"warns for feedback ratings outside the 1-5 range","duration":64.6510000000003,"failureMessages":[],"meta":{},"tags":[]},{"ancestorTitles":["ld-reporting evidence gate"],"fullName":"ld-reporting evidence gate blocks negative cost values","status":"passed","title":"blocks negative cost values","duration":46.1561999999999,"failureMessages":[],"meta":{},"tags":[]}],"startTime":1782153566090,"endTime":1782153567157.1562,"status":"passed","message":"","name":"F:/FPT Software/SETA/agent-platform-main/packages/ld-reporting/tests/evidence-gate.test.ts"},{"assertionResults":[{"ancestorTitles":["L&D report finalization HTTP contract"],"fullName":"L&D report finalization HTTP contract returns 409 when blocked evidence is approved","status":"passed","title":"returns 409 when blocked evidence is approved","duration":1664.6756,"failureMessages":[],"meta":{},"tags":[]}],"startTime":1782153566398,"endTime":1782153568062.6755,"status":"passed","message":"","name":"F:/FPT Software/SETA/agent-platform-main/packages/ld-reporting/tests/http.test.ts"},{"assertionResults":[{"ancestorTitles":["ld-reporting pipeline"],"fullName":"ld-reporting pipeline generates a report for completed Q1 courses","status":"passed","title":"generates a report for completed Q1 courses","duration":2311.9552999999996,"failureMessages":[],"meta":{},"tags":[]},{"ancestorTitles":["ld-reporting pipeline"],"fullName":"ld-reporting pipeline blocks final conclusion for in-progress courses","status":"passed","title":"blocks final conclusion for in-progress courses","duration":865.8726999999994,"failureMessages":[],"meta":{},"tags":[]},{"ancestorTitles":["ld-reporting pipeline"],"fullName":"ld-reporting pipeline blocks finalization when report quality is not PASS","status":"passed","title":"blocks finalization when report quality is not PASS","duration":1121.7802999999994,"failureMessages":[],"meta":{},"tags":[]},{"ancestorTitles":["ld-reporting pipeline"],"fullName":"ld-reporting pipeline accepts natural course names as course scope in chat-style requests","status":"passed","title":"accepts natural course names as course scope in chat-style requests","duration":653.2336000000005,"failureMessages":[],"meta":{},"tags":[]},{"ancestorTitles":["ld-reporting pipeline"],"fullName":"ld-reporting pipeline masks learner-level view for BOD","status":"passed","title":"masks learner-level view for BOD","duration":1169.2753000000002,"failureMessages":[],"meta":{},"tags":[]},{"ancestorTitles":["ld-reporting pipeline"],"fullName":"ld-reporting pipeline turns a score comparison into a business interpretation and recommendation","status":"passed","title":"turns a score comparison into a business interpretation and recommendation","duration":1150.1918000000005,"failureMessages":[],"meta":{},"tags":[]},{"ancestorTitles":["ld-reporting pipeline"],"fullName":"ld-reporting pipeline keeps BOD on finalized reports while L&D Manager can review drafts","status":"passed","title":"keeps BOD on finalized reports while L&D Manager can review drafts","duration":2325.0900999999994,"failureMessages":[],"meta":{},"tags":[]},{"ancestorTitles":["ld-reporting pipeline"],"fullName":"ld-reporting pipeline supports unsaved preview drafts and saving drafts","status":"passed","title":"supports unsaved preview drafts and saving drafts","duration":1245.4786999999997,"failureMessages":[],"meta":{},"tags":[]}],"startTime":1782153566398,"endTime":1782153577242.4788,"status":"passed","message":"","name":"F:/FPT Software/SETA/agent-platform-main/packages/ld-reporting/tests/ld-reporting.test.ts"},{"assertionResults":[{"ancestorTitles":["report recommendations"],"fullName":"report recommendations gives every expected outcome a measurable baseline and target","status":"passed","title":"gives every expected outcome a measurable baseline and target","duration":2333.5368,"failureMessages":[],"meta":{},"tags":[]}],"startTime":1782153566396,"endTime":1782153568729.5369,"status":"passed","message":"","name":"F:/FPT Software/SETA/agent-platform-main/packages/ld-reporting/tests/report-model.test.ts"}]}