{"numTotalTestSuites":10,"numPassedTestSuites":10,"numFailedTestSuites":0,"numPendingTestSuites":0,"numTotalTests":27,"numPassedTests":27,"numFailedTests":0,"numPendingTests":0,"numTodoTests":0,"snapshot":{"added":0,"failure":false,"filesAdded":0,"filesRemoved":0,"filesRemovedList":[],"filesUnmatched":0,"filesUpdated":0,"matched":0,"total":0,"unchecked":0,"uncheckedKeysByFile":[],"unmatched":0,"updated":0,"didUpdate":false},"startTime":1782153894238,"success":true,"testResults":[{"assertionResults":[{"ancestorTitles":["DOCX report typography"],"fullName":"DOCX report typography uses a readable professional scale and spacing","status":"passed","title":"uses a readable professional scale and spacing","duration":4.321199999999976,"failureMessages":[],"meta":{},"tags":[]}],"startTime":1782153894945,"endTime":1782153894949.3213,"status":"passed","message":"","name":"F:/FPT Software/SETA/agent-platform-main/packages/ld-reporting/tests/artifact-writer.test.ts"},{"assertionResults":[{"ancestorTitles":["ld-reporting evidence gate"],"fullName":"ld-reporting evidence gate passes completed Q1 data from the default workbook","status":"passed","title":"passes completed Q1 data from the default workbook","duration":211.79589999999985,"failureMessages":[],"meta":{},"tags":[]},{"ancestorTitles":["ld-reporting evidence gate"],"fullName":"ld-reporting evidence gate blocks when a required source sheet is missing","status":"passed","title":"blocks when a required source sheet is missing","duration":64.22350000000006,"failureMessages":[],"meta":{},"tags":[]},{"ancestorTitles":["ld-reporting evidence gate"],"fullName":"ld-reporting evidence gate blocks when a required column is missing","status":"passed","title":"blocks when a required column is missing","duration":48.43360000000007,"failureMessages":[],"meta":{},"tags":[]},{"ancestorTitles":["ld-reporting evidence gate"],"fullName":"ld-reporting evidence gate blocks final conclusion for an in-progress course","status":"passed","title":"blocks final conclusion for an in-progress course","duration":67.29759999999987,"failureMessages":[],"meta":{},"tags":[]},{"ancestorTitles":["ld-reporting evidence gate"],"fullName":"ld-reporting evidence gate blocks conflicting scope filters that match no courses","status":"passed","title":"blocks conflicting scope filters that match no courses","duration":71.40779999999995,"failureMessages":[],"meta":{},"tags":[]},{"ancestorTitles":["ld-reporting evidence gate"],"fullName":"ld-reporting evidence gate blocks completed courses with missing attendance rows","status":"passed","title":"blocks completed courses with missing attendance rows","duration":73.81320000000005,"failureMessages":[],"meta":{},"tags":[]},{"ancestorTitles":["ld-reporting evidence gate"],"fullName":"ld-reporting evidence gate blocks completed courses with missing assessment rows","status":"passed","title":"blocks completed courses with missing assessment rows","duration":58.70420000000013,"failureMessages":[],"meta":{},"tags":[]},{"ancestorTitles":["ld-reporting evidence gate"],"fullName":"ld-reporting evidence gate warns but still allows final conclusion when feedback response is below threshold","status":"passed","title":"warns but still allows final conclusion when feedback response is below threshold","duration":45.261600000000044,"failureMessages":[],"meta":{},"tags":[]},{"ancestorTitles":["ld-reporting evidence gate"],"fullName":"ld-reporting evidence gate blocks pass status values that conflict with score threshold","status":"passed","title":"blocks pass status values that conflict with score threshold","duration":47.775100000000066,"failureMessages":[],"meta":{},"tags":[]},{"ancestorTitles":["ld-reporting evidence gate"],"fullName":"ld-reporting evidence gate blocks cross-source rows that reference an unknown course id","status":"passed","title":"blocks cross-source rows that reference an unknown course id","duration":59.92690000000016,"failureMessages":[],"meta":{},"tags":[]},{"ancestorTitles":["ld-reporting evidence gate"],"fullName":"ld-reporting evidence gate blocks duplicate attendance rows","status":"passed","title":"blocks duplicate attendance rows","duration":56.757499999999936,"failureMessages":[],"meta":{},"tags":[]},{"ancestorTitles":["ld-reporting evidence gate"],"fullName":"ld-reporting evidence gate blocks duplicate assessment rows","status":"passed","title":"blocks duplicate assessment rows","duration":41.6259,"failureMessages":[],"meta":{},"tags":[]},{"ancestorTitles":["ld-reporting evidence gate"],"fullName":"ld-reporting evidence gate blocks null assessment values in completed courses","status":"passed","title":"blocks null assessment values in completed courses","duration":49.71580000000017,"failureMessages":[],"meta":{},"tags":[]},{"ancestorTitles":["ld-reporting evidence gate"],"fullName":"ld-reporting evidence gate blocks score values outside the 0-10 range","status":"passed","title":"blocks score values outside the 0-10 range","duration":54.60709999999972,"failureMessages":[],"meta":{},"tags":[]},{"ancestorTitles":["ld-reporting evidence gate"],"fullName":"ld-reporting evidence gate warns for feedback ratings outside the 1-5 range","status":"passed","title":"warns for feedback ratings outside the 1-5 range","duration":53.23120000000017,"failureMessages":[],"meta":{},"tags":[]},{"ancestorTitles":["ld-reporting evidence gate"],"fullName":"ld-reporting evidence gate blocks negative cost values","status":"passed","title":"blocks negative cost values","duration":39.708900000000085,"failureMessages":[],"meta":{},"tags":[]}],"startTime":1782153895497,"endTime":1782153896544.709,"status":"passed","message":"","name":"F:/FPT Software/SETA/agent-platform-main/packages/ld-reporting/tests/evidence-gate.test.ts"},{"assertionResults":[{"ancestorTitles":["L&D report finalization HTTP contract"],"fullName":"L&D report finalization HTTP contract returns 409 when blocked evidence is approved","status":"passed","title":"returns 409 when blocked evidence is approved","duration":1576.6744999999999,"failureMessages":[],"meta":{},"tags":[]}],"startTime":1782153895766,"endTime":1782153897342.6746,"status":"passed","message":"","name":"F:/FPT Software/SETA/agent-platform-main/packages/ld-reporting/tests/http.test.ts"},{"assertionResults":[{"ancestorTitles":["ld-reporting pipeline"],"fullName":"ld-reporting pipeline generates a report for completed Q1 courses","status":"passed","title":"generates a report for completed Q1 courses","duration":2101.9476000000004,"failureMessages":[],"meta":{},"tags":[]},{"ancestorTitles":["ld-reporting pipeline"],"fullName":"ld-reporting pipeline blocks final conclusion for in-progress courses","status":"passed","title":"blocks final conclusion for in-progress courses","duration":733.1152999999999,"failureMessages":[],"meta":{},"tags":[]},{"ancestorTitles":["ld-reporting pipeline"],"fullName":"ld-reporting pipeline blocks finalization when report quality is not PASS","status":"passed","title":"blocks finalization when report quality is not PASS","duration":1204.3799,"failureMessages":[],"meta":{},"tags":[]},{"ancestorTitles":["ld-reporting pipeline"],"fullName":"ld-reporting pipeline accepts natural course names as course scope in chat-style requests","status":"passed","title":"accepts natural course names as course scope in chat-style requests","duration":693.7836000000007,"failureMessages":[],"meta":{},"tags":[]},{"ancestorTitles":["ld-reporting pipeline"],"fullName":"ld-reporting pipeline masks learner-level view for BOD","status":"passed","title":"masks learner-level view for BOD","duration":1186.3831999999993,"failureMessages":[],"meta":{},"tags":[]},{"ancestorTitles":["ld-reporting pipeline"],"fullName":"ld-reporting pipeline turns a score comparison into a business interpretation and recommendation","status":"passed","title":"turns a score comparison into a business interpretation and recommendation","duration":1222.4368000000004,"failureMessages":[],"meta":{},"tags":[]},{"ancestorTitles":["ld-reporting pipeline"],"fullName":"ld-reporting pipeline keeps BOD on finalized reports while L&D Manager can review drafts","status":"passed","title":"keeps BOD on finalized reports while L&D Manager can review drafts","duration":2277.7842999999993,"failureMessages":[],"meta":{},"tags":[]},{"ancestorTitles":["ld-reporting pipeline"],"fullName":"ld-reporting pipeline supports unsaved preview drafts and saving drafts","status":"passed","title":"supports unsaved preview drafts and saving drafts","duration":1422.2405000000017,"failureMessages":[],"meta":{},"tags":[]}],"startTime":1782153895766,"endTime":1782153906609.2405,"status":"passed","message":"","name":"F:/FPT Software/SETA/agent-platform-main/packages/ld-reporting/tests/ld-reporting.test.ts"},{"assertionResults":[{"ancestorTitles":["report recommendations"],"fullName":"report recommendations gives every expected outcome a measurable baseline and target","status":"passed","title":"gives every expected outcome a measurable baseline and target","duration":2119.8656,"failureMessages":[],"meta":{},"tags":[]}],"startTime":1782153895765,"endTime":1782153897884.8655,"status":"passed","message":"","name":"F:/FPT Software/SETA/agent-platform-main/packages/ld-reporting/tests/report-model.test.ts"}]}